  Uic'ing pd_studio.ui...
E:\Graduate_Related\APP\pd_studio\pd_studio\pd_studio.ui : warning : The name 'layoutWidget' (QWidget) is already in use, defaulting to 'layoutWidget1'.
E:\Graduate_Related\APP\pd_studio\pd_studio\pd_studio.ui : warning : The name 'layoutWidget' (QWidget) is already in use, defaulting to 'layoutWidget2'.
E:\Graduate_Related\APP\pd_studio\pd_studio\pd_studio.ui : warning : The name 'layoutWidget' (QWidget) is already in use, defaulting to 'layoutWidget3'.
  Rcc'ing pd_studio.qrc...
  Moc'ing pd_studio.h...
  Moc'ing offline_edit.h...
  Uic'ing offline_edit.ui...
cl : Command line warning D9007: '/Gm' requires '/Zi or /ZI'; option ignored
  main.cpp
  offline_edit.cpp
  pd_studio.cpp
  Generating Code...
main.obj : error LNK2001: unresolved external symbol "public: virtual struct QMetaObject const * __cdecl pd_studio::metaObject(void)const " (?metaObject@pd_studio@@UEBAPEBUQMetaObject@@XZ)
pd_studio.obj : error LNK2001: unresolved external symbol "public: virtual struct QMetaObject const * __cdecl pd_studio::metaObject(void)const " (?metaObject@pd_studio@@UEBAPEBUQMetaObject@@XZ)
main.obj : error LNK2001: unresolved external symbol "public: virtual void * __cdecl pd_studio::qt_metacast(char const *)" (?qt_metacast@pd_studio@@UEAAPEAXPEBD@Z)
pd_studio.obj : error LNK2001: unresolved external symbol "public: virtual void * __cdecl pd_studio::qt_metacast(char const *)" (?qt_metacast@pd_studio@@UEAAPEAXPEBD@Z)
main.obj : error LNK2001: unresolved external symbol "public: virtual int __cdecl pd_studio::qt_metacall(enum QMetaObject::Call,int,void * *)" (?qt_metacall@pd_studio@@UEAAHW4Call@QMetaObject@@HPEAPEAX@Z)
pd_studio.obj : error LNK2001: unresolved external symbol "public: virtual int __cdecl pd_studio::qt_metacall(enum QMetaObject::Call,int,void * *)" (?qt_metacall@pd_studio@@UEAAHW4Call@QMetaObject@@HPEAPEAX@Z)
offline_edit.obj : error LNK2019: unresolved external symbol "public: __cdecl QwtText::QwtText(class QString const &,enum QwtText::TextFormat)" (??0QwtText@@QEAA@AEBVQString@@W4TextFormat@0@@Z) referenced in function "private: void __cdecl offline_edit::PlotOneByOne(enum SigTypeByAxis,class QWidget *,class std::vector<double,class std::allocator<double> >,class std::vector<double,class std::allocator<double> >)" (?PlotOneByOne@offline_edit@@AEAAXW4SigTypeByAxis@@PEAVQWidget@@V?$vector@NV?$allocator@N@std@@@std@@2@Z)
offline_edit.obj : error LNK2019: unresolved external symbol "public: __cdecl QwtText::~QwtText(void)" (??1QwtText@@QEAA@XZ) referenced in function "private: void __cdecl offline_edit::PlotOneByOne(enum SigTypeByAxis,class QWidget *,class std::vector<double,class std::allocator<double> >,class std::vector<double,class std::allocator<double> >)" (?PlotOneByOne@offline_edit@@AEAAXW4SigTypeByAxis@@PEAVQWidget@@V?$vector@NV?$allocator@N@std@@@std@@2@Z)
offline_edit.obj : error LNK2019: unresolved external symbol "public: void __cdecl QwtPlotItem::attach(class QwtPlot *)" (?attach@QwtPlotItem@@QEAAXPEAVQwtPlot@@@Z) referenced in function "private: void __cdecl offline_edit::Init_QwtPlot(class QwtPlot *)" (?Init_QwtPlot@offline_edit@@AEAAXPEAVQwtPlot@@@Z)
offline_edit.obj : error LNK2019: unresolved external symbol "public: __cdecl QwtPlot::QwtPlot(class QwtText const &,class QWidget *)" (??0QwtPlot@@QEAA@AEBVQwtText@@PEAVQWidget@@@Z) referenced in function "private: void __cdecl offline_edit::PlotOneByOne(enum SigTypeByAxis,class QWidget *,class std::vector<double,class std::allocator<double> >,class std::vector<double,class std::allocator<double> >)" (?PlotOneByOne@offline_edit@@AEAAXW4SigTypeByAxis@@PEAVQWidget@@V?$vector@NV?$allocator@N@std@@@std@@2@Z)
offline_edit.obj : error LNK2019: unresolved external symbol "public: virtual __cdecl QwtPlot::~QwtPlot(void)" (??1QwtPlot@@UEAA@XZ) referenced in function "private: void __cdecl offline_edit::PlotOneByOne(enum SigTypeByAxis,class QWidget *,class std::vector<double,class std::allocator<double> >,class std::vector<double,class std::allocator<double> >)" (?PlotOneByOne@offline_edit@@AEAAXW4SigTypeByAxis@@PEAVQWidget@@V?$vector@NV?$allocator@N@std@@@std@@2@Z)
offline_edit.obj : error LNK2019: unresolved external symbol "public: class QWidget * __cdecl QwtPlot::canvas(void)" (?canvas@QwtPlot@@QEAAPEAVQWidget@@XZ) referenced in function "private: void __cdecl offline_edit::Init_QwtPlot(class QwtPlot *)" (?Init_QwtPlot@offline_edit@@AEAAXPEAVQwtPlot@@@Z)
offline_edit.obj : error LNK2019: unresolved external symbol "public: void __cdecl QwtPlot::enableAxis(int,bool)" (?enableAxis@QwtPlot@@QEAAXH_N@Z) referenced in function "private: void __cdecl offline_edit::Init_QwtPlot(class QwtPlot *)" (?Init_QwtPlot@offline_edit@@AEAAXPEAVQwtPlot@@@Z)
offline_edit.obj : error LNK2019: unresolved external symbol "public: void __cdecl QwtPlot::setAxisTitle(int,class QString const &)" (?setAxisTitle@QwtPlot@@QEAAXHAEBVQString@@@Z) referenced in function "private: void __cdecl offline_edit::PlotOneByOne(enum SigTypeByAxis,class QWidget *,class std::vector<double,class std::allocator<double> >,class std::vector<double,class std::allocator<double> >)" (?PlotOneByOne@offline_edit@@AEAAXW4SigTypeByAxis@@PEAVQWidget@@V?$vector@NV?$allocator@N@std@@@std@@2@Z)
offline_edit.obj : error LNK2001: unresolved external symbol "public: virtual struct QMetaObject const * __cdecl offline_edit::metaObject(void)const " (?metaObject@offline_edit@@UEBAPEBUQMetaObject@@XZ)
offline_edit.obj : error LNK2001: unresolved external symbol "public: virtual void * __cdecl offline_edit::qt_metacast(char const *)" (?qt_metacast@offline_edit@@UEAAPEAXPEBD@Z)
offline_edit.obj : error LNK2001: unresolved external symbol "public: virtual int __cdecl offline_edit::qt_metacall(enum QMetaObject::Call,int,void * *)" (?qt_metacall@offline_edit@@UEAAHW4Call@QMetaObject@@HPEAPEAX@Z)
offline_edit.obj : error LNK2019: unresolved external symbol "public: __cdecl QwtPlotMagnifier::QwtPlotMagnifier(class QWidget *)" (??0QwtPlotMagnifier@@QEAA@PEAVQWidget@@@Z) referenced in function "private: void __cdecl offline_edit::Init_QwtPlot(class QwtPlot *)" (?Init_QwtPlot@offline_edit@@AEAAXPEAVQwtPlot@@@Z)
offline_edit.obj : error LNK2019: unresolved external symbol "public: __cdecl QwtPlotPanner::QwtPlotPanner(class QWidget *)" (??0QwtPlotPanner@@QEAA@PEAVQWidget@@@Z) referenced in function "private: void __cdecl offline_edit::Init_QwtPlot(class QwtPlot *)" (?Init_QwtPlot@offline_edit@@AEAAXPEAVQwtPlot@@@Z)
offline_edit.obj : error LNK2019: unresolved external symbol "public: void __cdecl QwtEventPattern::setMousePattern(enum QwtEventPattern::MousePatternCode,enum Qt::MouseButton,class QFlags<enum Qt::KeyboardModifier>)" (?setMousePattern@QwtEventPattern@@QEAAXW4MousePatternCode@1@W4MouseButton@Qt@@V?$QFlags@W4KeyboardModifier@Qt@@@@@Z) referenced in function "private: void __cdecl offline_edit::Init_QwtPlot(class QwtPlot *)" (?Init_QwtPlot@offline_edit@@AEAAXPEAVQwtPlot@@@Z)
offline_edit.obj : error LNK2019: unresolved external symbol "public: void __cdecl QwtPicker::setRubberBandPen(class QPen const &)" (?setRubberBandPen@QwtPicker@@QEAAXAEBVQPen@@@Z) referenced in function "private: void __cdecl offline_edit::Init_QwtPlot(class QwtPlot *)" (?Init_QwtPlot@offline_edit@@AEAAXPEAVQwtPlot@@@Z)
offline_edit.obj : error LNK2019: unresolved external symbol "public: void __cdecl QwtPicker::setTrackerPen(class QPen const &)" (?setTrackerPen@QwtPicker@@QEAAXAEBVQPen@@@Z) referenced in function "private: void __cdecl offline_edit::Init_QwtPlot(class QwtPlot *)" (?Init_QwtPlot@offline_edit@@AEAAXPEAVQwtPlot@@@Z)
offline_edit.obj : error LNK2019: unresolved external symbol "public: __cdecl QwtPlotZoomer::QwtPlotZoomer(class QWidget *,bool)" (??0QwtPlotZoomer@@QEAA@PEAVQWidget@@_N@Z) referenced in function "private: void __cdecl offline_edit::Init_QwtPlot(class QwtPlot *)" (?Init_QwtPlot@offline_edit@@AEAAXPEAVQwtPlot@@@Z)
offline_edit.obj : error LNK2019: unresolved external symbol "public: __cdecl QwtPlotGrid::QwtPlotGrid(void)" (??0QwtPlotGrid@@QEAA@XZ) referenced in function "private: void __cdecl offline_edit::Init_QwtPlot(class QwtPlot *)" (?Init_QwtPlot@offline_edit@@AEAAXPEAVQwtPlot@@@Z)
offline_edit.obj : error LNK2019: unresolved external symbol "public: void __cdecl QwtPlotGrid::setMajorPen(class QPen const &)" (?setMajorPen@QwtPlotGrid@@QEAAXAEBVQPen@@@Z) referenced in function "private: void __cdecl offline_edit::Init_QwtPlot(class QwtPlot *)" (?Init_QwtPlot@offline_edit@@AEAAXPEAVQwtPlot@@@Z)
offline_edit.obj : error LNK2019: unresolved external symbol "public: void __cdecl QwtPlotGrid::setMinorPen(class QPen const &)" (?setMinorPen@QwtPlotGrid@@QEAAXAEBVQPen@@@Z) referenced in function "private: void __cdecl offline_edit::Init_QwtPlot(class QwtPlot *)" (?Init_QwtPlot@offline_edit@@AEAAXPEAVQwtPlot@@@Z)
E:\Graduate_Related\APP\pd_studio\x64\Release\\pd_studio.exe : fatal error LNK1120: 23 unresolved externals
