e:\graduate_related\app\pd_studio\pd_studio\x64\release\pd_studio.obj
e:\graduate_related\app\pd_studio\pd_studio\x64\release\offline_edit.obj
e:\graduate_related\app\pd_studio\pd_studio\x64\release\main.obj
e:\graduate_related\app\pd_studio\pd_studio\generatedfiles\ui_pd_studio.h
e:\graduate_related\app\pd_studio\pd_studio\generatedfiles\qrc_pd_studio.cpp
e:\graduate_related\app\pd_studio\pd_studio\generatedfiles\release\moc_pd_studio.cpp
e:\graduate_related\app\pd_studio\pd_studio\generatedfiles\release\moc_offline_edit.cpp
e:\graduate_related\app\pd_studio\pd_studio\generatedfiles\ui_offline_edit.h
e:\graduate_related\app\pd_studio\pd_studio\x64\release\pd_studio.tlog\cl.command.1.tlog
e:\graduate_related\app\pd_studio\pd_studio\x64\release\pd_studio.tlog\cl.read.1.tlog
e:\graduate_related\app\pd_studio\pd_studio\x64\release\pd_studio.tlog\cl.write.1.tlog
e:\graduate_related\app\pd_studio\pd_studio\x64\release\pd_studio.tlog\custombuild.command.1.tlog
e:\graduate_related\app\pd_studio\pd_studio\x64\release\pd_studio.tlog\custombuild.read.1.tlog
e:\graduate_related\app\pd_studio\pd_studio\x64\release\pd_studio.tlog\custombuild.write.1.tlog
e:\graduate_related\app\pd_studio\pd_studio\x64\release\pd_studio.tlog\link-cvtres.read.1.tlog
e:\graduate_related\app\pd_studio\pd_studio\x64\release\pd_studio.tlog\link-cvtres.write.1.tlog
e:\graduate_related\app\pd_studio\pd_studio\x64\release\pd_studio.tlog\link-rc.read.1.tlog
e:\graduate_related\app\pd_studio\pd_studio\x64\release\pd_studio.tlog\link-rc.write.1.tlog
e:\graduate_related\app\pd_studio\pd_studio\x64\release\pd_studio.tlog\link.command.1.tlog
e:\graduate_related\app\pd_studio\pd_studio\x64\release\pd_studio.tlog\link.read.1.tlog
e:\graduate_related\app\pd_studio\pd_studio\x64\release\pd_studio.tlog\link.write.1.tlog
